 - [INFO ] 2020-11-16T22:05:29.212Z [main] SpringBootTestContextBootstrapper - Neither @ContextConfiguration nor @ContextHierarchy found for test class [com.socialize.socialize.SocializeApplicationTests], using SpringBootContextLoader
 - [INFO ] 2020-11-16T22:05:29.220Z [main] AbstractContextLoader - Could not detect default resource locations for test class [com.socialize.socialize.SocializeApplicationTests]: no resource found for suffixes {-context.xml, Context.groovy}.
 - [INFO ] 2020-11-16T22:05:29.222Z [main] AnnotationConfigContextLoaderUtils - Could not detect default configuration classes for test class [com.socialize.socialize.SocializeApplicationTests]: SocializeApplicationTests does not declare any static, non-private, non-final, nested classes annotated with @Configuration.
 - [INFO ] 2020-11-16T22:05:29.360Z [main] SpringBootTestContextBootstrapper - Found @SpringBootConfiguration com.socialize.socialize.SocializeApplication for test class com.socialize.socialize.SocializeApplicationTests
 - [INFO ] 2020-11-16T22:05:29.487Z [main] SpringBootTestContextBootstrapper - Loaded default TestExecutionListener class names from location [META-INF/spring.factories]: [org.springframework.boot.test.mock.mockito.MockitoTestExecutionListener, org.springframework.boot.test.mock.mockito.ResetMocksTestExecutionListener, org.springframework.boot.test.autoconfigure.restdocs.RestDocsTestExecutionListener, org.springframework.boot.test.autoconfigure.web.client.MockRestServiceServerResetTestExecutionListener, org.springframework.boot.test.autoconfigure.web.servlet.MockMvcPrintOnlyOnFailureTestExecutionListener, org.springframework.boot.test.autoconfigure.web.servlet.WebDriverTestExecutionListener, org.springframework.boot.test.autoconfigure.webservices.client.MockWebServiceServerTestExecutionListener, org.springframework.test.context.web.ServletTestExecutionListener, org.springframework.test.context.support.DirtiesContextBeforeModesTestExecutionListener, org.springframework.test.context.support.DependencyInjectionTestExecutionListener, org.springframework.test.context.support.DirtiesContextTestExecutionListener, org.springframework.test.context.transaction.TransactionalTestExecutionListener, org.springframework.test.context.jdbc.SqlScriptsTestExecutionListener, org.springframework.test.context.event.EventPublishingTestExecutionListener]
 - [INFO ] 2020-11-16T22:05:29.520Z [main] SpringBootTestContextBootstrapper - Using TestExecutionListeners: [org.springframework.test.context.web.ServletTestExecutionListener@2374d36a, org.springframework.test.context.support.DirtiesContextBeforeModesTestExecutionListener@54d18072, org.springframework.boot.test.mock.mockito.MockitoTestExecutionListener@1506f20f, org.springframework.boot.test.autoconfigure.SpringBootDependencyInjectionTestExecutionListener@47a5b70d, org.springframework.test.context.support.DirtiesContextTestExecutionListener@424fd310, org.springframework.test.context.transaction.TransactionalTestExecutionListener@1a45193b, org.springframework.test.context.jdbc.SqlScriptsTestExecutionListener@38f116f6, org.springframework.test.context.event.EventPublishingTestExecutionListener@5286c33a, org.springframework.boot.test.mock.mockito.ResetMocksTestExecutionListener@6e6d5d29, org.springframework.boot.test.autoconfigure.restdocs.RestDocsTestExecutionListener@5c530d1e, org.springframework.boot.test.autoconfigure.web.client.MockRestServiceServerResetTestExecutionListener@6c25e6c4, org.springframework.boot.test.autoconfigure.web.servlet.MockMvcPrintOnlyOnFailureTestExecutionListener@85e6769, org.springframework.boot.test.autoconfigure.web.servlet.WebDriverTestExecutionListener@c5ee75e, org.springframework.boot.test.autoconfigure.webservices.client.MockWebServiceServerTestExecutionListener@48a12036]
 - [INFO ] 2020-11-16T22:05:29.775Z [main] SocializeApplicationTests - Starting SocializeApplicationTests on 197NODNB5002273 with PID 7632 (started by shubhamkumar in /home/shubhamkumar/Desktop/myWork/javaRepos/socialize)
 - [INFO ] 2020-11-16T22:05:29.778Z [main] SocializeApplicationTests - No active profile set, falling back to default profiles: default
 - [INFO ] 2020-11-16T22:05:31.125Z [main] RepositoryConfigurationDelegate - Multiple Spring Data modules found, entering strict repository configuration mode!
 - [INFO ] 2020-11-16T22:05:31.144Z [main] RepositoryConfigurationDelegate - Bootstrapping Spring Data JPA repositories in DEFERRED mode.
 - [INFO ] 2020-11-16T22:05:31.230Z [main] RepositoryConfigurationDelegate - Finished Spring Data repository scanning in 53ms. Found 0 JPA repository interfaces.
 - [INFO ] 2020-11-16T22:05:32.064Z [main] ThreadPoolTaskExecutor - Initializing ExecutorService 'applicationTaskExecutor'
 - [INFO ] 2020-11-16T22:05:32.286Z [task-1] LogHelper - HHH000204: Processing PersistenceUnitInfo [name: default]
 - [INFO ] 2020-11-16T22:05:32.416Z [task-1] Version - HHH000412: Hibernate ORM core version 5.4.22.Final
 - [WARN ] 2020-11-16T22:05:32.652Z [main] JpaBaseConfiguration$JpaWebConfiguration - spring.jpa.open-in-view is enabled by default. Therefore, database queries may be performed during view rendering. Explicitly configure spring.jpa.open-in-view to disable this warning
 - [INFO ] 2020-11-16T22:05:32.821Z [task-1] Version - HCANN000001: Hibernate Commons Annotations {5.1.0.Final}
 - [INFO ] 2020-11-16T22:05:33.095Z [task-1] HikariDataSource - HikariPool-1 - Starting...
 - [INFO ] 2020-11-16T22:05:34.404Z [main] EndpointLinksResolver - Exposing 2 endpoint(s) beneath base path '/actuator'
 - [ERROR] 2020-11-16T22:05:34.934Z [task-1] HikariPool - HikariPool-1 - Exception during pool initialization.
java.sql.SQLSyntaxErrorException: Unknown database 'socilize'
	at com.mysql.cj.jdbc.exceptions.SQLError.createSQLException(SQLError.java:120) ~[mysql-connector-java-8.0.22.jar:8.0.22]
	at com.mysql.cj.jdbc.exceptions.SQLError.createSQLException(SQLError.java:97) ~[mysql-connector-java-8.0.22.jar:8.0.22]
	at com.mysql.cj.jdbc.exceptions.SQLExceptionsMapping.translateException(SQLExceptionsMapping.java:122) ~[mysql-connector-java-8.0.22.jar:8.0.22]
	at com.mysql.cj.jdbc.ConnectionImpl.createNewIO(ConnectionImpl.java:836) ~[mysql-connector-java-8.0.22.jar:8.0.22]
	at com.mysql.cj.jdbc.ConnectionImpl.<init>(ConnectionImpl.java:456) ~[mysql-connector-java-8.0.22.jar:8.0.22]
	at com.mysql.cj.jdbc.ConnectionImpl.getInstance(ConnectionImpl.java:246) ~[mysql-connector-java-8.0.22.jar:8.0.22]
	at com.mysql.cj.jdbc.NonRegisteringDriver.connect(NonRegisteringDriver.java:198) ~[mysql-connector-java-8.0.22.jar:8.0.22]
	at com.zaxxer.hikari.util.DriverDataSource.getConnection(DriverDataSource.java:138) ~[HikariCP-3.4.5.jar:?]
	at com.zaxxer.hikari.pool.PoolBase.newConnection(PoolBase.java:358) ~[HikariCP-3.4.5.jar:?]
	at com.zaxxer.hikari.pool.PoolBase.newPoolEntry(PoolBase.java:206) ~[HikariCP-3.4.5.jar:?]
	at com.zaxxer.hikari.pool.HikariPool.createPoolEntry(HikariPool.java:477) ~[HikariCP-3.4.5.jar:?]
	at com.zaxxer.hikari.pool.HikariPool.checkFailFast(HikariPool.java:560) ~[HikariCP-3.4.5.jar:?]
	at com.zaxxer.hikari.pool.HikariPool.<init>(HikariPool.java:115) ~[HikariCP-3.4.5.jar:?]
	at com.zaxxer.hikari.HikariDataSource.getConnection(HikariDataSource.java:112) ~[HikariCP-3.4.5.jar:?]
	at org.hibernate.engine.jdbc.connections.internal.DatasourceConnectionProviderImpl.getConnection(DatasourceConnectionProviderImpl.java:122) ~[hibernate-core-5.4.22.Final.jar:5.4.22.Final]
	at org.hibernate.engine.jdbc.env.internal.JdbcEnvironmentInitiator$ConnectionProviderJdbcConnectionAccess.obtainConnection(JdbcEnvironmentInitiator.java:180) ~[hibernate-core-5.4.22.Final.jar:5.4.22.Final]
	at org.hibernate.engine.jdbc.env.internal.JdbcEnvironmentInitiator.initiateService(JdbcEnvironmentInitiator.java:68) ~[hibernate-core-5.4.22.Final.jar:5.4.22.Final]
	at org.hibernate.engine.jdbc.env.internal.JdbcEnvironmentInitiator.initiateService(JdbcEnvironmentInitiator.java:35) ~[hibernate-core-5.4.22.Final.jar:5.4.22.Final]
	at org.hibernate.boot.registry.internal.StandardServiceRegistryImpl.initiateService(StandardServiceRegistryImpl.java:101) ~[hibernate-core-5.4.22.Final.jar:5.4.22.Final]
	at org.hibernate.service.internal.AbstractServiceRegistryImpl.createService(AbstractServiceRegistryImpl.java:263) ~[hibernate-core-5.4.22.Final.jar:5.4.22.Final]
	at org.hibernate.service.internal.AbstractServiceRegistryImpl.initializeService(AbstractServiceRegistryImpl.java:237) ~[hibernate-core-5.4.22.Final.jar:5.4.22.Final]
	at org.hibernate.service.internal.AbstractServiceRegistryImpl.getService(AbstractServiceRegistryImpl.java:214) ~[hibernate-core-5.4.22.Final.jar:5.4.22.Final]
	at org.hibernate.id.factory.internal.DefaultIdentifierGeneratorFactory.injectServices(DefaultIdentifierGeneratorFactory.java:152) ~[hibernate-core-5.4.22.Final.jar:5.4.22.Final]
	at org.hibernate.service.internal.AbstractServiceRegistryImpl.injectDependencies(AbstractServiceRegistryImpl.java:286) ~[hibernate-core-5.4.22.Final.jar:5.4.22.Final]
	at org.hibernate.service.internal.AbstractServiceRegistryImpl.initializeService(AbstractServiceRegistryImpl.java:243) ~[hibernate-core-5.4.22.Final.jar:5.4.22.Final]
	at org.hibernate.service.internal.AbstractServiceRegistryImpl.getService(AbstractServiceRegistryImpl.java:214) ~[hibernate-core-5.4.22.Final.jar:5.4.22.Final]
	at org.hibernate.boot.internal.InFlightMetadataCollectorImpl.<init>(InFlightMetadataCollectorImpl.java:176) ~[hibernate-core-5.4.22.Final.jar:5.4.22.Final]
	at org.hibernate.boot.model.process.spi.MetadataBuildingProcess.complete(MetadataBuildingProcess.java:118) ~[hibernate-core-5.4.22.Final.jar:5.4.22.Final]
	at org.hibernate.jpa.boot.internal.EntityManagerFactoryBuilderImpl.metadata(EntityManagerFactoryBuilderImpl.java:1224) ~[hibernate-core-5.4.22.Final.jar:5.4.22.Final]
	at org.hibernate.jpa.boot.internal.EntityManagerFactoryBuilderImpl.build(EntityManagerFactoryBuilderImpl.java:1255) ~[hibernate-core-5.4.22.Final.jar:5.4.22.Final]
	at org.springframework.orm.jpa.vendor.SpringHibernateJpaPersistenceProvider.createContainerEntityManagerFactory(SpringHibernateJpaPersistenceProvider.java:58) ~[spring-orm-5.2.10.RELEASE.jar:5.2.10.RELEASE]
	at org.springframework.orm.jpa.LocalContainerEntityManagerFactoryBean.createNativeEntityManagerFactory(LocalContainerEntityManagerFactoryBean.java:365) ~[spring-orm-5.2.10.RELEASE.jar:5.2.10.RELEASE]
	at org.springframework.orm.jpa.AbstractEntityManagerFactoryBean.buildNativeEntityManagerFactory(AbstractEntityManagerFactoryBean.java:391) ~[spring-orm-5.2.10.RELEASE.jar:5.2.10.RELEASE]
	at java.util.concurrent.FutureTask.run(FutureTask.java:266) [?:1.8.0_272]
	at java.util.concurrent.ThreadPoolExecutor.runWorker(ThreadPoolExecutor.java:1149) [?:1.8.0_272]
	at java.util.concurrent.ThreadPoolExecutor$Worker.run(ThreadPoolExecutor.java:624) [?:1.8.0_272]
	at java.lang.Thread.run(Thread.java:748) [?:1.8.0_272]
 - [WARN ] 2020-11-16T22:05:34.945Z [task-1] JdbcEnvironmentInitiator - HHH000342: Could not obtain connection to query metadata : Unknown database 'socilize'
 - [INFO ] 2020-11-16T22:05:34.992Z [main] DeferredRepositoryInitializationListener - Triggering deferred initialization of Spring Data repositories…
 - [INFO ] 2020-11-16T22:05:34.995Z [main] DeferredRepositoryInitializationListener - Spring Data repositories initialized!
 - [INFO ] 2020-11-16T22:05:35.053Z [main] SocializeApplicationTests - Started SocializeApplicationTests in 5.498 seconds (JVM running for 7.386)
 - [INFO ] 2020-11-16T22:05:35.293Z [SpringContextShutdownHook] LocalContainerEntityManagerFactoryBean - Closing JPA EntityManagerFactory for persistence unit 'default'
 - [WARN ] 2020-11-16T22:05:35.294Z [SpringContextShutdownHook] DisposableBeanAdapter - Invocation of destroy method failed on bean with name 'entityManagerFactory': org.hibernate.service.spi.ServiceException: Unable to create requested service [org.hibernate.engine.jdbc.env.spi.JdbcEnvironment]
 - [INFO ] 2020-11-16T22:05:35.294Z [SpringContextShutdownHook] ThreadPoolTaskExecutor - Shutting down ExecutorService 'applicationTaskExecutor'
 - [INFO ] 2020-11-16T22:06:15.710Z [main] SpringBootTestContextBootstrapper - Neither @ContextConfiguration nor @ContextHierarchy found for test class [com.socialize.socialize.SocializeApplicationTests], using SpringBootContextLoader
 - [INFO ] 2020-11-16T22:06:15.719Z [main] AbstractContextLoader - Could not detect default resource locations for test class [com.socialize.socialize.SocializeApplicationTests]: no resource found for suffixes {-context.xml, Context.groovy}.
 - [INFO ] 2020-11-16T22:06:15.720Z [main] AnnotationConfigContextLoaderUtils - Could not detect default configuration classes for test class [com.socialize.socialize.SocializeApplicationTests]: SocializeApplicationTests does not declare any static, non-private, non-final, nested classes annotated with @Configuration.
 - [INFO ] 2020-11-16T22:06:15.807Z [main] SpringBootTestContextBootstrapper - Found @SpringBootConfiguration com.socialize.socialize.SocializeApplication for test class com.socialize.socialize.SocializeApplicationTests
 - [INFO ] 2020-11-16T22:06:15.931Z [main] SpringBootTestContextBootstrapper - Loaded default TestExecutionListener class names from location [META-INF/spring.factories]: [org.springframework.boot.test.mock.mockito.MockitoTestExecutionListener, org.springframework.boot.test.mock.mockito.ResetMocksTestExecutionListener, org.springframework.boot.test.autoconfigure.restdocs.RestDocsTestExecutionListener, org.springframework.boot.test.autoconfigure.web.client.MockRestServiceServerResetTestExecutionListener, org.springframework.boot.test.autoconfigure.web.servlet.MockMvcPrintOnlyOnFailureTestExecutionListener, org.springframework.boot.test.autoconfigure.web.servlet.WebDriverTestExecutionListener, org.springframework.boot.test.autoconfigure.webservices.client.MockWebServiceServerTestExecutionListener, org.springframework.test.context.web.ServletTestExecutionListener, org.springframework.test.context.support.DirtiesContextBeforeModesTestExecutionListener, org.springframework.test.context.support.DependencyInjectionTestExecutionListener, org.springframework.test.context.support.DirtiesContextTestExecutionListener, org.springframework.test.context.transaction.TransactionalTestExecutionListener, org.springframework.test.context.jdbc.SqlScriptsTestExecutionListener, org.springframework.test.context.event.EventPublishingTestExecutionListener]
 - [INFO ] 2020-11-16T22:06:15.948Z [main] SpringBootTestContextBootstrapper - Using TestExecutionListeners: [org.springframework.test.context.web.ServletTestExecutionListener@5a411614, org.springframework.test.context.support.DirtiesContextBeforeModesTestExecutionListener@2374d36a, org.springframework.boot.test.mock.mockito.MockitoTestExecutionListener@54d18072, org.springframework.boot.test.autoconfigure.SpringBootDependencyInjectionTestExecutionListener@1506f20f, org.springframework.test.context.support.DirtiesContextTestExecutionListener@47a5b70d, org.springframework.test.context.transaction.TransactionalTestExecutionListener@424fd310, org.springframework.test.context.jdbc.SqlScriptsTestExecutionListener@1a45193b, org.springframework.test.context.event.EventPublishingTestExecutionListener@38f116f6, org.springframework.boot.test.mock.mockito.ResetMocksTestExecutionListener@5286c33a, org.springframework.boot.test.autoconfigure.restdocs.RestDocsTestExecutionListener@6e6d5d29, org.springframework.boot.test.autoconfigure.web.client.MockRestServiceServerResetTestExecutionListener@5c530d1e, org.springframework.boot.test.autoconfigure.web.servlet.MockMvcPrintOnlyOnFailureTestExecutionListener@6c25e6c4, org.springframework.boot.test.autoconfigure.web.servlet.WebDriverTestExecutionListener@85e6769, org.springframework.boot.test.autoconfigure.webservices.client.MockWebServiceServerTestExecutionListener@c5ee75e]
 - [INFO ] 2020-11-16T22:06:16.186Z [main] SocializeApplicationTests - Starting SocializeApplicationTests on 197NODNB5002273 with PID 7770 (started by shubhamkumar in /home/shubhamkumar/Desktop/myWork/javaRepos/socialize)
 - [INFO ] 2020-11-16T22:06:16.189Z [main] SocializeApplicationTests - No active profile set, falling back to default profiles: default
 - [INFO ] 2020-11-16T22:06:17.117Z [main] RepositoryConfigurationDelegate - Multiple Spring Data modules found, entering strict repository configuration mode!
 - [INFO ] 2020-11-16T22:06:17.120Z [main] RepositoryConfigurationDelegate - Bootstrapping Spring Data JPA repositories in DEFERRED mode.
 - [INFO ] 2020-11-16T22:06:17.142Z [main] RepositoryConfigurationDelegate - Finished Spring Data repository scanning in 14ms. Found 0 JPA repository interfaces.
 - [INFO ] 2020-11-16T22:06:17.735Z [main] ThreadPoolTaskExecutor - Initializing ExecutorService 'applicationTaskExecutor'
 - [INFO ] 2020-11-16T22:06:17.858Z [task-1] LogHelper - HHH000204: Processing PersistenceUnitInfo [name: default]
 - [INFO ] 2020-11-16T22:06:17.968Z [task-1] Version - HHH000412: Hibernate ORM core version 5.4.22.Final
 - [WARN ] 2020-11-16T22:06:18.140Z [main] JpaBaseConfiguration$JpaWebConfiguration - spring.jpa.open-in-view is enabled by default. Therefore, database queries may be performed during view rendering. Explicitly configure spring.jpa.open-in-view to disable this warning
 - [INFO ] 2020-11-16T22:06:18.243Z [task-1] Version - HCANN000001: Hibernate Commons Annotations {5.1.0.Final}
 - [INFO ] 2020-11-16T22:06:18.456Z [task-1] HikariDataSource - HikariPool-1 - Starting...
 - [INFO ] 2020-11-16T22:06:19.055Z [task-1] HikariDataSource - HikariPool-1 - Start completed.
 - [INFO ] 2020-11-16T22:06:19.109Z [task-1] Dialect - HHH000400: Using dialect: org.hibernate.dialect.MySQL57Dialect
 - [INFO ] 2020-11-16T22:06:19.629Z [task-1] JtaPlatformInitiator - HHH000490: Using JtaPlatform implementation: [org.hibernate.engine.transaction.jta.platform.internal.NoJtaPlatform]
 - [INFO ] 2020-11-16T22:06:19.650Z [task-1] LocalContainerEntityManagerFactoryBean - Initialized JPA EntityManagerFactory for persistence unit 'default'
 - [INFO ] 2020-11-16T22:06:19.860Z [main] EndpointLinksResolver - Exposing 2 endpoint(s) beneath base path '/actuator'
 - [INFO ] 2020-11-16T22:06:19.944Z [main] DeferredRepositoryInitializationListener - Triggering deferred initialization of Spring Data repositories…
 - [INFO ] 2020-11-16T22:06:19.944Z [main] DeferredRepositoryInitializationListener - Spring Data repositories initialized!
 - [INFO ] 2020-11-16T22:06:19.964Z [main] SocializeApplicationTests - Started SocializeApplicationTests in 3.982 seconds (JVM running for 5.302)
 - [INFO ] 2020-11-16T22:06:20.139Z [SpringContextShutdownHook] LocalContainerEntityManagerFactoryBean - Closing JPA EntityManagerFactory for persistence unit 'default'
 - [INFO ] 2020-11-16T22:06:20.141Z [SpringContextShutdownHook] ThreadPoolTaskExecutor - Shutting down ExecutorService 'applicationTaskExecutor'
 - [INFO ] 2020-11-16T22:06:20.143Z [SpringContextShutdownHook] HikariDataSource - HikariPool-1 - Shutdown initiated...
 - [INFO ] 2020-11-16T22:06:20.163Z [SpringContextShutdownHook] HikariDataSource - HikariPool-1 - Shutdown completed.
 - [INFO ] 2020-11-16T22:11:02.293Z [main] SpringBootTestContextBootstrapper - Neither @ContextConfiguration nor @ContextHierarchy found for test class [com.socialize.socialize.SocializeApplicationTests], using SpringBootContextLoader
 - [INFO ] 2020-11-16T22:11:02.300Z [main] AbstractContextLoader - Could not detect default resource locations for test class [com.socialize.socialize.SocializeApplicationTests]: no resource found for suffixes {-context.xml, Context.groovy}.
 - [INFO ] 2020-11-16T22:11:02.301Z [main] AnnotationConfigContextLoaderUtils - Could not detect default configuration classes for test class [com.socialize.socialize.SocializeApplicationTests]: SocializeApplicationTests does not declare any static, non-private, non-final, nested classes annotated with @Configuration.
 - [INFO ] 2020-11-16T22:11:02.390Z [main] SpringBootTestContextBootstrapper - Found @SpringBootConfiguration com.socialize.socialize.SocializeApplication for test class com.socialize.socialize.SocializeApplicationTests
 - [INFO ] 2020-11-16T22:11:02.511Z [main] SpringBootTestContextBootstrapper - Loaded default TestExecutionListener class names from location [META-INF/spring.factories]: [org.springframework.boot.test.mock.mockito.MockitoTestExecutionListener, org.springframework.boot.test.mock.mockito.ResetMocksTestExecutionListener, org.springframework.boot.test.autoconfigure.restdocs.RestDocsTestExecutionListener, org.springframework.boot.test.autoconfigure.web.client.MockRestServiceServerResetTestExecutionListener, org.springframework.boot.test.autoconfigure.web.servlet.MockMvcPrintOnlyOnFailureTestExecutionListener, org.springframework.boot.test.autoconfigure.web.servlet.WebDriverTestExecutionListener, org.springframework.boot.test.autoconfigure.webservices.client.MockWebServiceServerTestExecutionListener, org.springframework.test.context.web.ServletTestExecutionListener, org.springframework.test.context.support.DirtiesContextBeforeModesTestExecutionListener, org.springframework.test.context.support.DependencyInjectionTestExecutionListener, org.springframework.test.context.support.DirtiesContextTestExecutionListener, org.springframework.test.context.transaction.TransactionalTestExecutionListener, org.springframework.test.context.jdbc.SqlScriptsTestExecutionListener, org.springframework.test.context.event.EventPublishingTestExecutionListener]
 - [INFO ] 2020-11-16T22:11:02.526Z [main] SpringBootTestContextBootstrapper - Using TestExecutionListeners: [org.springframework.test.context.web.ServletTestExecutionListener@5b529706, org.springframework.test.context.support.DirtiesContextBeforeModesTestExecutionListener@63fdab07, org.springframework.boot.test.mock.mockito.MockitoTestExecutionListener@7b5a12ae, org.springframework.boot.test.autoconfigure.SpringBootDependencyInjectionTestExecutionListener@5553d0f5, org.springframework.test.context.support.DirtiesContextTestExecutionListener@1af687fe, org.springframework.test.context.transaction.TransactionalTestExecutionListener@14dda234, org.springframework.test.context.jdbc.SqlScriptsTestExecutionListener@3f390d63, org.springframework.test.context.event.EventPublishingTestExecutionListener@74a6a609, org.springframework.boot.test.mock.mockito.ResetMocksTestExecutionListener@5a411614, org.springframework.boot.test.autoconfigure.restdocs.RestDocsTestExecutionListener@2374d36a, org.springframework.boot.test.autoconfigure.web.client.MockRestServiceServerResetTestExecutionListener@54d18072, org.springframework.boot.test.autoconfigure.web.servlet.MockMvcPrintOnlyOnFailureTestExecutionListener@1506f20f, org.springframework.boot.test.autoconfigure.web.servlet.WebDriverTestExecutionListener@47a5b70d, org.springframework.boot.test.autoconfigure.webservices.client.MockWebServiceServerTestExecutionListener@424fd310]
 - [INFO ] 2020-11-16T22:11:02.862Z [main] SocializeApplicationTests - Starting SocializeApplicationTests on 197NODNB5002273 with PID 8248 (started by shubhamkumar in /home/shubhamkumar/Desktop/myWork/javaRepos/socialize)
 - [INFO ] 2020-11-16T22:11:02.865Z [main] SocializeApplicationTests - No active profile set, falling back to default profiles: default
 - [INFO ] 2020-11-16T22:11:03.788Z [main] RepositoryConfigurationDelegate - Multiple Spring Data modules found, entering strict repository configuration mode!
 - [INFO ] 2020-11-16T22:11:03.793Z [main] RepositoryConfigurationDelegate - Bootstrapping Spring Data JPA repositories in DEFERRED mode.
 - [INFO ] 2020-11-16T22:11:03.820Z [main] RepositoryConfigurationDelegate - Finished Spring Data repository scanning in 17ms. Found 0 JPA repository interfaces.
 - [INFO ] 2020-11-16T22:11:04.430Z [main] ThreadPoolTaskExecutor - Initializing ExecutorService 'applicationTaskExecutor'
 - [INFO ] 2020-11-16T22:11:04.553Z [task-1] LogHelper - HHH000204: Processing PersistenceUnitInfo [name: default]
 - [INFO ] 2020-11-16T22:11:04.660Z [task-1] Version - HHH000412: Hibernate ORM core version 5.4.22.Final
 - [WARN ] 2020-11-16T22:11:04.833Z [main] JpaBaseConfiguration$JpaWebConfiguration - spring.jpa.open-in-view is enabled by default. Therefore, database queries may be performed during view rendering. Explicitly configure spring.jpa.open-in-view to disable this warning
 - [INFO ] 2020-11-16T22:11:04.911Z [task-1] Version - HCANN000001: Hibernate Commons Annotations {5.1.0.Final}
 - [INFO ] 2020-11-16T22:11:05.077Z [task-1] HikariDataSource - HikariPool-1 - Starting...
 - [INFO ] 2020-11-16T22:11:05.577Z [task-1] HikariDataSource - HikariPool-1 - Start completed.
 - [INFO ] 2020-11-16T22:11:05.640Z [task-1] Dialect - HHH000400: Using dialect: org.hibernate.dialect.MySQL57Dialect
 - [INFO ] 2020-11-16T22:11:06.209Z [task-1] JtaPlatformInitiator - HHH000490: Using JtaPlatform implementation: [org.hibernate.engine.transaction.jta.platform.internal.NoJtaPlatform]
 - [INFO ] 2020-11-16T22:11:06.230Z [task-1] LocalContainerEntityManagerFactoryBean - Initialized JPA EntityManagerFactory for persistence unit 'default'
 - [INFO ] 2020-11-16T22:11:06.530Z [main] EndpointLinksResolver - Exposing 2 endpoint(s) beneath base path '/actuator'
 - [INFO ] 2020-11-16T22:11:06.616Z [main] DeferredRepositoryInitializationListener - Triggering deferred initialization of Spring Data repositories…
 - [INFO ] 2020-11-16T22:11:06.617Z [main] DeferredRepositoryInitializationListener - Spring Data repositories initialized!
 - [INFO ] 2020-11-16T22:11:06.635Z [main] SocializeApplicationTests - Started SocializeApplicationTests in 4.065 seconds (JVM running for 5.387)
 - [INFO ] 2020-11-16T22:11:06.803Z [SpringContextShutdownHook] LocalContainerEntityManagerFactoryBean - Closing JPA EntityManagerFactory for persistence unit 'default'
 - [INFO ] 2020-11-16T22:11:06.806Z [SpringContextShutdownHook] ThreadPoolTaskExecutor - Shutting down ExecutorService 'applicationTaskExecutor'
 - [INFO ] 2020-11-16T22:11:06.818Z [SpringContextShutdownHook] HikariDataSource - HikariPool-1 - Shutdown initiated...
 - [INFO ] 2020-11-16T22:11:06.850Z [SpringContextShutdownHook] HikariDataSource - HikariPool-1 - Shutdown completed.
 - [INFO ] 2020-11-16T22:11:27.445Z [main] SocializeApplication - Starting SocializeApplication on 197NODNB5002273 with PID 8346 (/home/shubhamkumar/Desktop/myWork/javaRepos/socialize/target/classes started by shubhamkumar in /home/shubhamkumar/Desktop/myWork/javaRepos/socialize)
 - [INFO ] 2020-11-16T22:11:27.451Z [main] SocializeApplication - No active profile set, falling back to default profiles: default
 - [INFO ] 2020-11-16T22:11:28.435Z [main] RepositoryConfigurationDelegate - Multiple Spring Data modules found, entering strict repository configuration mode!
 - [INFO ] 2020-11-16T22:11:28.439Z [main] RepositoryConfigurationDelegate - Bootstrapping Spring Data JPA repositories in DEFERRED mode.
 - [INFO ] 2020-11-16T22:11:28.468Z [main] RepositoryConfigurationDelegate - Finished Spring Data repository scanning in 18ms. Found 0 JPA repository interfaces.
 - [INFO ] 2020-11-16T22:11:29.118Z [main] TomcatWebServer - Tomcat initialized with port(s): 8080 (http)
 - [INFO ] 2020-11-16T22:11:29.131Z [main] Http11NioProtocol - Initializing ProtocolHandler ["http-nio-8080"]
 - [INFO ] 2020-11-16T22:11:29.132Z [main] StandardService - Starting service [Tomcat]
 - [INFO ] 2020-11-16T22:11:29.132Z [main] StandardEngine - Starting Servlet engine: [Apache Tomcat/9.0.39]
 - [INFO ] 2020-11-16T22:11:29.252Z [main] [/] - Initializing Spring embedded WebApplicationContext
 - [INFO ] 2020-11-16T22:11:29.253Z [main] ServletWebServerApplicationContext - Root WebApplicationContext: initialization completed in 1702 ms
 - [INFO ] 2020-11-16T22:11:29.651Z [main] ThreadPoolTaskExecutor - Initializing ExecutorService 'applicationTaskExecutor'
 - [INFO ] 2020-11-16T22:11:29.698Z [task-1] LogHelper - HHH000204: Processing PersistenceUnitInfo [name: default]
 - [WARN ] 2020-11-16T22:11:29.738Z [main] JpaBaseConfiguration$JpaWebConfiguration - spring.jpa.open-in-view is enabled by default. Therefore, database queries may be performed during view rendering. Explicitly configure spring.jpa.open-in-view to disable this warning
 - [INFO ] 2020-11-16T22:11:29.768Z [task-1] Version - HHH000412: Hibernate ORM core version 5.4.22.Final
 - [INFO ] 2020-11-16T22:11:29.959Z [task-1] Version - HCANN000001: Hibernate Commons Annotations {5.1.0.Final}
 - [INFO ] 2020-11-16T22:11:30.102Z [task-1] HikariDataSource - HikariPool-1 - Starting...
 - [INFO ] 2020-11-16T22:11:30.580Z [main] EndpointLinksResolver - Exposing 2 endpoint(s) beneath base path '/actuator'
 - [INFO ] 2020-11-16T22:11:30.666Z [task-1] HikariDataSource - HikariPool-1 - Start completed.
 - [INFO ] 2020-11-16T22:11:30.707Z [task-1] Dialect - HHH000400: Using dialect: org.hibernate.dialect.MySQL57Dialect
 - [INFO ] 2020-11-16T22:11:31.088Z [task-1] JtaPlatformInitiator - HHH000490: Using JtaPlatform implementation: [org.hibernate.engine.transaction.jta.platform.internal.NoJtaPlatform]
 - [INFO ] 2020-11-16T22:11:31.099Z [task-1] LocalContainerEntityManagerFactoryBean - Initialized JPA EntityManagerFactory for persistence unit 'default'
 - [INFO ] 2020-11-16T22:11:31.113Z [main] Http11NioProtocol - Starting ProtocolHandler ["http-nio-8080"]
 - [INFO ] 2020-11-16T22:11:31.145Z [main] TomcatWebServer - Tomcat started on port(s): 8080 (http) with context path ''
 - [INFO ] 2020-11-16T22:11:31.147Z [main] DeferredRepositoryInitializationListener - Triggering deferred initialization of Spring Data repositories…
 - [INFO ] 2020-11-16T22:11:31.147Z [main] DeferredRepositoryInitializationListener - Spring Data repositories initialized!
 - [INFO ] 2020-11-16T22:11:31.165Z [main] SocializeApplication - Started SocializeApplication in 4.236 seconds (JVM running for 5.559)
 - [INFO ] 2020-11-16T22:21:14.920Z [main] SocializeApplication - Starting SocializeApplication on 197NODNB5002273 with PID 9251 (/home/shubhamkumar/Desktop/myWork/javaRepos/socialize/target/classes started by shubhamkumar in /home/shubhamkumar/Desktop/myWork/javaRepos/socialize)
 - [INFO ] 2020-11-16T22:21:14.927Z [main] SocializeApplication - No active profile set, falling back to default profiles: default
 - [INFO ] 2020-11-16T22:21:15.831Z [main] RepositoryConfigurationDelegate - Multiple Spring Data modules found, entering strict repository configuration mode!
 - [INFO ] 2020-11-16T22:21:15.834Z [main] RepositoryConfigurationDelegate - Bootstrapping Spring Data JPA repositories in DEFERRED mode.
 - [INFO ] 2020-11-16T22:21:15.859Z [main] RepositoryConfigurationDelegate - Finished Spring Data repository scanning in 15ms. Found 0 JPA repository interfaces.
 - [INFO ] 2020-11-16T22:21:16.482Z [main] TomcatWebServer - Tomcat initialized with port(s): 8080 (http)
 - [INFO ] 2020-11-16T22:21:16.495Z [main] Http11NioProtocol - Initializing ProtocolHandler ["http-nio-8080"]
 - [INFO ] 2020-11-16T22:21:16.495Z [main] StandardService - Starting service [Tomcat]
 - [INFO ] 2020-11-16T22:21:16.496Z [main] StandardEngine - Starting Servlet engine: [Apache Tomcat/9.0.39]
 - [INFO ] 2020-11-16T22:21:16.597Z [main] [/] - Initializing Spring embedded WebApplicationContext
 - [INFO ] 2020-11-16T22:21:16.597Z [main] ServletWebServerApplicationContext - Root WebApplicationContext: initialization completed in 1597 ms
 - [INFO ] 2020-11-16T22:21:16.987Z [main] ThreadPoolTaskExecutor - Initializing ExecutorService 'applicationTaskExecutor'
 - [INFO ] 2020-11-16T22:21:17.047Z [task-1] LogHelper - HHH000204: Processing PersistenceUnitInfo [name: default]
 - [WARN ] 2020-11-16T22:21:17.065Z [main] JpaBaseConfiguration$JpaWebConfiguration - spring.jpa.open-in-view is enabled by default. Therefore, database queries may be performed during view rendering. Explicitly configure spring.jpa.open-in-view to disable this warning
 - [INFO ] 2020-11-16T22:21:17.137Z [task-1] Version - HHH000412: Hibernate ORM core version 5.4.22.Final
 - [INFO ] 2020-11-16T22:21:17.419Z [task-1] Version - HCANN000001: Hibernate Commons Annotations {5.1.0.Final}
 - [INFO ] 2020-11-16T22:21:17.675Z [task-1] HikariDataSource - HikariPool-1 - Starting...
 - [INFO ] 2020-11-16T22:21:17.728Z [main] EndpointLinksResolver - Exposing 2 endpoint(s) beneath base path '/actuator'
 - [INFO ] 2020-11-16T22:21:18.120Z [task-1] HikariDataSource - HikariPool-1 - Start completed.
 - [INFO ] 2020-11-16T22:21:18.162Z [task-1] Dialect - HHH000400: Using dialect: org.hibernate.dialect.MySQL57Dialect
 - [INFO ] 2020-11-16T22:21:18.516Z [task-1] JtaPlatformInitiator - HHH000490: Using JtaPlatform implementation: [org.hibernate.engine.transaction.jta.platform.internal.NoJtaPlatform]
 - [INFO ] 2020-11-16T22:21:18.530Z [task-1] LocalContainerEntityManagerFactoryBean - Initialized JPA EntityManagerFactory for persistence unit 'default'
 - [INFO ] 2020-11-16T22:21:18.545Z [main] Http11NioProtocol - Starting ProtocolHandler ["http-nio-8080"]
 - [INFO ] 2020-11-16T22:21:18.573Z [main] TomcatWebServer - Tomcat started on port(s): 8080 (http) with context path ''
 - [INFO ] 2020-11-16T22:21:18.575Z [main] DeferredRepositoryInitializationListener - Triggering deferred initialization of Spring Data repositories…
 - [INFO ] 2020-11-16T22:21:18.575Z [main] DeferredRepositoryInitializationListener - Spring Data repositories initialized!
 - [INFO ] 2020-11-16T22:21:18.592Z [main] SocializeApplication - Started SocializeApplication in 4.075 seconds (JVM running for 5.353)
 - [INFO ] 2020-11-16T22:21:32.893Z [SpringContextShutdownHook] LocalContainerEntityManagerFactoryBean - Closing JPA EntityManagerFactory for persistence unit 'default'
 - [INFO ] 2020-11-16T22:21:32.896Z [SpringContextShutdownHook] ThreadPoolTaskExecutor - Shutting down ExecutorService 'applicationTaskExecutor'
 - [INFO ] 2020-11-16T22:21:32.897Z [SpringContextShutdownHook] HikariDataSource - HikariPool-1 - Shutdown initiated...
 - [INFO ] 2020-11-16T22:21:32.914Z [SpringContextShutdownHook] HikariDataSource - HikariPool-1 - Shutdown completed.
